\BOOKMARK [0][-]{chapter.1}{Executive Summary}{}% 1
\BOOKMARK [0][-]{chapter.2}{Exercise 7.3.1}{}% 2
\BOOKMARK [1][-]{section.2.1}{Problem Statement}{chapter.2}% 3
\BOOKMARK [1][-]{section.2.2}{Relevant Code}{chapter.2}% 4
\BOOKMARK [1][-]{section.2.3}{Test Cases and Results}{chapter.2}% 5
\BOOKMARK [0][-]{chapter.3}{Exercise 7.3.2}{}% 6
\BOOKMARK [1][-]{section.3.1}{Problem Statement}{chapter.3}% 7
\BOOKMARK [1][-]{section.3.2}{Relevant Code}{chapter.3}% 8
\BOOKMARK [1][-]{section.3.3}{Test Cases and Results}{chapter.3}% 9
\BOOKMARK [0][-]{chapter.4}{Exercise 7.3.3}{}% 10
\BOOKMARK [1][-]{section.4.1}{Problem Statement}{chapter.4}% 11
\BOOKMARK [1][-]{section.4.2}{Relevant Code}{chapter.4}% 12
\BOOKMARK [1][-]{section.4.3}{Test Cases and Results}{chapter.4}% 13
\BOOKMARK [0][-]{chapter.5}{Exercise 8.4.1}{}% 14
\BOOKMARK [1][-]{section.5.1}{Problem Statement}{chapter.5}% 15
\BOOKMARK [1][-]{section.5.2}{Relevant Code}{chapter.5}% 16
\BOOKMARK [1][-]{section.5.3}{Execution Transcript}{chapter.5}% 17
\BOOKMARK [0][-]{chapter.6}{Exercise 8.4.2}{}% 18
\BOOKMARK [1][-]{section.6.1}{Problem Statement}{chapter.6}% 19
\BOOKMARK [1][-]{section.6.2}{Relevant Code}{chapter.6}% 20
\BOOKMARK [1][-]{section.6.3}{Execution Transcript}{chapter.6}% 21
\BOOKMARK [0][-]{chapter.7}{Exercise 8.4.3}{}% 22
\BOOKMARK [1][-]{section.7.1}{Problem Statement}{chapter.7}% 23
\BOOKMARK [1][-]{section.7.2}{Relevant Code}{chapter.7}% 24
\BOOKMARK [1][-]{section.7.3}{Execution Transcript}{chapter.7}% 25
\BOOKMARK [0][-]{appendix.A}{Chapter7 Answers Source Code}{}% 26
\BOOKMARK [0][-]{appendix.B}{Chapter8Script Source Code}{}% 27
