\BOOKMARK [0][-]{chapter.1}{Executive Summary}{}% 1
\BOOKMARK [0][-]{chapter.2}{Exercise 4.6.3}{}% 2
\BOOKMARK [1][-]{section.2.1}{Problem Statement}{chapter.2}% 3
\BOOKMARK [1][-]{section.2.2}{Relevant Code}{chapter.2}% 4
\BOOKMARK [1][-]{section.2.3}{Test Cases and Results}{chapter.2}% 5
\BOOKMARK [0][-]{chapter.3}{Exercise 4.6.4}{}% 6
\BOOKMARK [1][-]{section.3.1}{Problem Statement}{chapter.3}% 7
\BOOKMARK [1][-]{section.3.2}{Relevant Code}{chapter.3}% 8
\BOOKMARK [1][-]{section.3.3}{Test Cases and Results}{chapter.3}% 9
\BOOKMARK [0][-]{chapter.4}{Exercise 5.3.4}{}% 10
\BOOKMARK [1][-]{section.4.1}{Problem Statement}{chapter.4}% 11
\BOOKMARK [1][-]{section.4.2}{Relevant Code}{chapter.4}% 12
\BOOKMARK [1][-]{section.4.3}{Test Cases and Results}{chapter.4}% 13
\BOOKMARK [0][-]{chapter.5}{Exercise 5.3.5}{}% 14
\BOOKMARK [1][-]{section.5.1}{Problem Statement}{chapter.5}% 15
\BOOKMARK [1][-]{section.5.2}{Relevant Code}{chapter.5}% 16
\BOOKMARK [1][-]{section.5.3}{Test Cases and Results}{chapter.5}% 17
\BOOKMARK [0][-]{chapter.6}{Exercise 6.2.1}{}% 18
\BOOKMARK [1][-]{section.6.1}{Problem Statement}{chapter.6}% 19
\BOOKMARK [1][-]{section.6.2}{Relevant Code}{chapter.6}% 20
\BOOKMARK [1][-]{section.6.3}{Test Cases and Results}{chapter.6}% 21
\BOOKMARK [0][-]{appendix.A}{Exercise 4.6.3 Source Code}{}% 22
\BOOKMARK [0][-]{appendix.B}{Exercise 4.6.4 Source Code}{}% 23
\BOOKMARK [0][-]{appendix.C}{Exercise 5.3.4 Source Code}{}% 24
\BOOKMARK [0][-]{appendix.D}{Exercise 5.3.5 Source Code}{}% 25
\BOOKMARK [0][-]{appendix.E}{Exercise 6.2.1 Source Code}{}% 26
