This is pdfTeX, Version 3.14159265-2.6-1.40.16 (TeX Live 2015/Debian) (preloaded format=pdflatex 2020.1.11)  20 MAR 2020 02:23
entering extended mode
 restricted \write18 enabled.
 file:line:error style messages enabled.
 %&-line parsing enabled.
**\input Project9.tex
(./Project9.tex (/usr/share/texlive/texmf-dist/tex/latex/base/article.cls
Document Class: article 2014/09/29 v1.4h Standard LaTeX document class
(/usr/share/texlive/texmf-dist/tex/latex/base/size10.clo
File: size10.clo 2014/09/29 v1.4h Standard LaTeX file (size option)
)
\c@part=\count79
\c@section=\count80
\c@subsection=\count81
\c@subsubsection=\count82
\c@paragraph=\count83
\c@subparagraph=\count84
\c@figure=\count85
\c@table=\count86
\abovecaptionskip=\skip41
\belowcaptionskip=\skip42
\bibindent=\dimen102
)
(/usr/share/texlive/texmf-dist/tex/latex/listings/listings.sty
(/usr/share/texlive/texmf-dist/tex/latex/graphics/keyval.sty
Package: keyval 2014/10/28 v1.15 key=value parser (DPC)
\KV@toks@=\toks14
)
\lst@mode=\count87
\lst@gtempboxa=\box26
\lst@token=\toks15
\lst@length=\count88
\lst@currlwidth=\dimen103
\lst@column=\count89
\lst@pos=\count90
\lst@lostspace=\dimen104
\lst@width=\dimen105
\lst@newlines=\count91
\lst@lineno=\count92
\lst@maxwidth=\dimen106

(/usr/share/texlive/texmf-dist/tex/latex/listings/lstmisc.sty
File: lstmisc.sty 2015/06/04 1.6 (Carsten Heinz)
\c@lstnumber=\count93
\lst@skipnumbers=\count94
\lst@framebox=\box27
)
(/usr/share/texlive/texmf-dist/tex/latex/listings/listings.cfg
File: listings.cfg 2015/06/04 1.6 listings configuration
))
Package: listings 2015/06/04 1.6 (Carsten Heinz)

(./634format.sty (/usr/share/texlive/texmf-dist/tex/latex/geometry/geometry.sty
Package: geometry 2010/09/12 v5.6 Page Geometry
(/usr/share/texlive/texmf-dist/tex/generic/oberdiek/ifpdf.sty
Package: ifpdf 2011/01/30 v2.3 Provides the ifpdf switch (HO)
Package ifpdf Info: pdfTeX in PDF mode is detected.
)
(/usr/share/texlive/texmf-dist/tex/generic/oberdiek/ifvtex.sty
Package: ifvtex 2010/03/01 v1.5 Detect VTeX and its facilities (HO)
Package ifvtex Info: VTeX not detected.
)
(/usr/share/texlive/texmf-dist/tex/generic/ifxetex/ifxetex.sty
Package: ifxetex 2010/09/12 v0.6 Provides ifxetex conditional
)
\Gm@cnth=\count95
\Gm@cntv=\count96
\c@Gm@tempcnt=\count97
\Gm@bindingoffset=\dimen107
\Gm@wd@mp=\dimen108
\Gm@odd@mp=\dimen109
\Gm@even@mp=\dimen110
\Gm@layoutwidth=\dimen111
\Gm@layoutheight=\dimen112
\Gm@layouthoffset=\dimen113
\Gm@layoutvoffset=\dimen114
\Gm@dimlist=\toks16
)
(/usr/share/texlive/texmf-dist/tex/latex/fancyhdr/fancyhdr.sty
\fancy@headwidth=\skip43
\f@ncyO@elh=\skip44
\f@ncyO@erh=\skip45
\f@ncyO@olh=\skip46
\f@ncyO@orh=\skip47
\f@ncyO@elf=\skip48
\f@ncyO@erf=\skip49
\f@ncyO@olf=\skip50
\f@ncyO@orf=\skip51
)

Package Fancyhdr Warning: \fancyhead's `E' option without twoside option is use
less on input line 30.

) (./holtex.sty (/usr/share/texlive/texmf-dist/tex/latex/graphics/color.sty
Package: color 2016/01/03 v1.1b Standard LaTeX Color (DPC)

(/usr/share/texlive/texmf-dist/tex/latex/latexconfig/color.cfg
File: color.cfg 2007/01/18 v1.5 color configuration of teTeX/TeXLive
)
Package color Info: Driver file: pdftex.def on input line 143.

(/usr/share/texlive/texmf-dist/tex/latex/pdftex-def/pdftex.def
File: pdftex.def 2011/05/27 v0.06d Graphics/color for pdfTeX

(/usr/share/texlive/texmf-dist/tex/generic/oberdiek/infwarerr.sty
Package: infwarerr 2010/04/08 v1.3 Providing info/warning/error messages (HO)
)
(/usr/share/texlive/texmf-dist/tex/generic/oberdiek/ltxcmds.sty
Package: ltxcmds 2011/11/09 v1.22 LaTeX kernel commands for general use (HO)
)
\Gread@gobject=\count98
))
(./holtexbasic.sty
(/usr/share/texlive/texmf-dist/tex/latex/amsfonts/amssymb.sty
Package: amssymb 2013/01/14 v3.01 AMS font symbols

(/usr/share/texlive/texmf-dist/tex/latex/amsfonts/amsfonts.sty
Package: amsfonts 2013/01/14 v3.01 Basic AMSFonts support
\@emptytoks=\toks17
\symAMSa=\mathgroup4
\symAMSb=\mathgroup5
LaTeX Font Info:    Overwriting math alphabet `\mathfrak' in version `bold'
(Font)                  U/euf/m/n --> U/euf/b/n on input line 106.
))
(/usr/share/texlive/texmf-dist/tex/latex/base/makeidx.sty
Package: makeidx 2014/09/29 v1.0m Standard LaTeX package
)
(/usr/share/texlive/texmf-dist/tex/latex/underscore/underscore.sty
Package: underscore 2006/09/13
LaTeX Info: Redefining \_ on input line 42.
)
(/usr/share/texlive/texmf-dist/tex/latex/fancyvrb/fancyvrb.sty
Package: fancyvrb 2008/02/07

Style option: `fancyvrb' v2.7a, with DG/SPQR fixes, and firstline=lastline fix 
<2008/02/07> (tvz)
\FV@CodeLineNo=\count99
\FV@InFile=\read1
\FV@TabBox=\box28
\c@FancyVerbLine=\count100
\FV@StepNumber=\count101
\FV@OutFile=\write3
)))
(/usr/share/texlive/texmf-dist/tex/latex/hyperref/hyperref.sty
Package: hyperref 2012/11/06 v6.83m Hypertext links for LaTeX

(/usr/share/texlive/texmf-dist/tex/generic/oberdiek/hobsub-hyperref.sty
Package: hobsub-hyperref 2012/05/28 v1.13 Bundle oberdiek, subset hyperref (HO)


(/usr/share/texlive/texmf-dist/tex/generic/oberdiek/hobsub-generic.sty
Package: hobsub-generic 2012/05/28 v1.13 Bundle oberdiek, subset generic (HO)
Package: hobsub 2012/05/28 v1.13 Construct package bundles (HO)
Package hobsub Info: Skipping package `infwarerr' (already loaded).
Package hobsub Info: Skipping package `ltxcmds' (already loaded).
Package: ifluatex 2010/03/01 v1.3 Provides the ifluatex switch (HO)
Package ifluatex Info: LuaTeX not detected.
Package hobsub Info: Skipping package `ifvtex' (already loaded).
Package: intcalc 2007/09/27 v1.1 Expandable calculations with integers (HO)
Package hobsub Info: Skipping package `ifpdf' (already loaded).
Package: etexcmds 2011/02/16 v1.5 Avoid name clashes with e-TeX commands (HO)
Package etexcmds Info: Could not find \expanded.
(etexcmds)             That can mean that you are not using pdfTeX 1.50 or
(etexcmds)             that some package has redefined \expanded.
(etexcmds)             In the latter case, load this package earlier.
Package: kvsetkeys 2012/04/25 v1.16 Key value parser (HO)
Package: kvdefinekeys 2011/04/07 v1.3 Define keys (HO)
Package: pdftexcmds 2011/11/29 v0.20 Utility functions of pdfTeX for LuaTeX (HO
)
Package pdftexcmds Info: LuaTeX not detected.
Package pdftexcmds Info: \pdf@primitive is available.
Package pdftexcmds Info: \pdf@ifprimitive is available.
Package pdftexcmds Info: \pdfdraftmode found.
Package: pdfescape 2011/11/25 v1.13 Implements pdfTeX's escape features (HO)
Package: bigintcalc 2012/04/08 v1.3 Expandable calculations on big integers (HO
)
Package: bitset 2011/01/30 v1.1 Handle bit-vector datatype (HO)
Package: uniquecounter 2011/01/30 v1.2 Provide unlimited unique counter (HO)
)
Package hobsub Info: Skipping package `hobsub' (already loaded).
Package: letltxmacro 2010/09/02 v1.4 Let assignment for LaTeX macros (HO)
Package: hopatch 2012/05/28 v1.2 Wrapper for package hooks (HO)
Package: xcolor-patch 2011/01/30 xcolor patch
Package: atveryend 2011/06/30 v1.8 Hooks at the very end of document (HO)
Package atveryend Info: \enddocument detected (standard20110627).
Package: atbegshi 2011/10/05 v1.16 At begin shipout hook (HO)
Package: refcount 2011/10/16 v3.4 Data extraction from label references (HO)
Package: hycolor 2011/01/30 v1.7 Color options for hyperref/bookmark (HO)
)
(/usr/share/texlive/texmf-dist/tex/latex/oberdiek/auxhook.sty
Package: auxhook 2011/03/04 v1.3 Hooks for auxiliary files (HO)
)
(/usr/share/texlive/texmf-dist/tex/latex/oberdiek/kvoptions.sty
Package: kvoptions 2011/06/30 v3.11 Key value format for package options (HO)
)
\@linkdim=\dimen115
\Hy@linkcounter=\count102
\Hy@pagecounter=\count103

(/usr/share/texlive/texmf-dist/tex/latex/hyperref/pd1enc.def
File: pd1enc.def 2012/11/06 v6.83m Hyperref: PDFDocEncoding definition (HO)
)
\Hy@SavedSpaceFactor=\count104

(/usr/share/texlive/texmf-dist/tex/latex/latexconfig/hyperref.cfg
File: hyperref.cfg 2002/06/06 v1.2 hyperref configuration of TeXLive
)
Package hyperref Info: Hyper figures OFF on input line 4443.
Package hyperref Info: Link nesting OFF on input line 4448.
Package hyperref Info: Hyper index ON on input line 4451.
Package hyperref Info: Plain pages OFF on input line 4458.
Package hyperref Info: Backreferencing OFF on input line 4463.
Package hyperref Info: Implicit mode ON; LaTeX internals redefined.
Package hyperref Info: Bookmarks ON on input line 4688.
\c@Hy@tempcnt=\count105

(/usr/share/texlive/texmf-dist/tex/latex/url/url.sty
\Urlmuskip=\muskip10
Package: url 2013/09/16  ver 3.4  Verb mode for urls, etc.
)
LaTeX Info: Redefining \url on input line 5041.
\XeTeXLinkMargin=\dimen116
\Fld@menulength=\count106
\Field@Width=\dimen117
\Fld@charsize=\dimen118
Package hyperref Info: Hyper figures OFF on input line 6295.
Package hyperref Info: Link nesting OFF on input line 6300.
Package hyperref Info: Hyper index ON on input line 6303.
Package hyperref Info: backreferencing OFF on input line 6310.
Package hyperref Info: Link coloring OFF on input line 6315.
Package hyperref Info: Link coloring with OCG OFF on input line 6320.
Package hyperref Info: PDF/A mode OFF on input line 6325.
LaTeX Info: Redefining \ref on input line 6365.
LaTeX Info: Redefining \pageref on input line 6369.
\Hy@abspage=\count107
\c@Item=\count108
\c@Hfootnote=\count109
)

Package hyperref Message: Driver (autodetected): hpdftex.

(/usr/share/texlive/texmf-dist/tex/latex/hyperref/hpdftex.def
File: hpdftex.def 2012/11/06 v6.83m Hyperref driver for pdfTeX
\Fld@listcount=\count110
\c@bookmark@seq@number=\count111

(/usr/share/texlive/texmf-dist/tex/latex/oberdiek/rerunfilecheck.sty
Package: rerunfilecheck 2011/04/15 v1.7 Rerun checks for auxiliary files (HO)
Package uniquecounter Info: New unique counter `rerunfilecheck' on input line 2
82.
)
\Hy@SectionHShift=\skip52
)
(../HOL/HOLReports/HOLSMZero.tex) (../HOL/HOLReports/HOLSMZeroSolutions.tex)
(./Project9.aux)
\openout1 = `Project9.aux'.

LaTeX Font Info:    Checking defaults for OML/cmm/m/it on input line 16.
LaTeX Font Info:    ... okay on input line 16.
LaTeX Font Info:    Checking defaults for T1/cmr/m/n on input line 16.
LaTeX Font Info:    ... okay on input line 16.
LaTeX Font Info:    Checking defaults for OT1/cmr/m/n on input line 16.
LaTeX Font Info:    ... okay on input line 16.
LaTeX Font Info:    Checking defaults for OMS/cmsy/m/n on input line 16.
LaTeX Font Info:    ... okay on input line 16.
LaTeX Font Info:    Checking defaults for OMX/cmex/m/n on input line 16.
LaTeX Font Info:    ... okay on input line 16.
LaTeX Font Info:    Checking defaults for U/cmr/m/n on input line 16.
LaTeX Font Info:    ... okay on input line 16.
LaTeX Font Info:    Checking defaults for PD1/pdf/m/n on input line 16.
LaTeX Font Info:    ... okay on input line 16.
\c@lstlisting=\count112

*geometry* driver: auto-detecting
*geometry* detected driver: pdftex
*geometry* verbose mode - [ preamble ] result:
* driver: pdftex
* paper: letterpaper
* layout: <same size as paper>
* layoutoffset:(h,v)=(0.0pt,0.0pt)
* modes: 
* h-part:(L,W,R)=(72.27pt, 469.75499pt, 72.27pt)
* v-part:(T,H,B)=(91.04881pt, 640.187pt, 63.73418pt)
* \paperwidth=614.295pt
* \paperheight=794.96999pt
* \textwidth=469.75499pt
* \textheight=640.187pt
* \oddsidemargin=0.00002pt
* \evensidemargin=0.00002pt
* \topmargin=-17.22118pt
* \headheight=16.0pt
* \headsep=20.0pt
* \topskip=10.0pt
* \footskip=36.98857pt
* \marginparwidth=65.0pt
* \marginparsep=11.0pt
* \columnsep=10.0pt
* \skip\footins=9.0pt plus 4.0pt minus 2.0pt
* \hoffset=0.0pt
* \voffset=0.0pt
* \mag=1000
* \@twocolumnfalse
* \@twosidefalse
* \@mparswitchfalse
* \@reversemarginfalse
* (1in=72.27pt=25.4mm, 1cm=28.453pt)

(/usr/share/texlive/texmf-dist/tex/context/base/supp-pdf.mkii
[Loading MPS to PDF converter (version 2006.09.02).]
\scratchcounter=\count113
\scratchdimen=\dimen119
\scratchbox=\box29
\nofMPsegments=\count114
\nofMParguments=\count115
\everyMPshowfont=\toks18
\MPscratchCnt=\count116
\MPscratchDim=\dimen120
\MPnumerator=\count117
\makeMPintoPDFobject=\count118
\everyMPtoPDFconversion=\toks19
)
\AtBeginShipoutBox=\box30
Package hyperref Info: Link coloring OFF on input line 16.
 (/usr/share/texlive/texmf-dist/tex/latex/hyperref/nameref.sty
Package: nameref 2012/10/27 v2.43 Cross-referencing by name of section

(/usr/share/texlive/texmf-dist/tex/generic/oberdiek/gettitlestring.sty
Package: gettitlestring 2010/12/03 v1.4 Cleanup title references (HO)
)
\c@section@level=\count119
)
LaTeX Info: Redefining \ref on input line 16.
LaTeX Info: Redefining \pageref on input line 16.
LaTeX Info: Redefining \nameref on input line 16.

(./Project9.out) (./Project9.out)
\@outlinefile=\write4
\openout4 = `Project9.out'.

LaTeX Font Info:    Try loading font information for U+msa on input line 18.

(/usr/share/texlive/texmf-dist/tex/latex/amsfonts/umsa.fd
File: umsa.fd 2013/01/14 v3.01 AMS symbols A
)
LaTeX Font Info:    Try loading font information for U+msb on input line 18.

(/usr/share/texlive/texmf-dist/tex/latex/amsfonts/umsb.fd
File: umsb.fd 2013/01/14 v3.01 AMS symbols B
) [1

{/var/lib/texmf/fonts/map/pdftex/updmap/pdftex.map}] [2] [3] (./Project9.toc)
\tf@toc=\write5
\openout5 = `Project9.toc'.

 [4] [5] [6]
[7] [8] [9] (../HOL/17-4-1.trans
LaTeX Font Info:    Try loading font information for OML+cmr on input line 6.

(/usr/share/texlive/texmf-dist/tex/latex/base/omlcmr.fd
File: omlcmr.fd 2014/09/29 v2.5h Standard LaTeX font definitions
)
LaTeX Font Info:    Font shape `OML/cmr/m/n' in size <10> not available
(Font)              Font shape `OML/cmm/m/it' tried instead on input line 6.
LaTeX Font Info:    Try loading font information for OMS+cmr on input line 15.

(/usr/share/texlive/texmf-dist/tex/latex/base/omscmr.fd
File: omscmr.fd 2014/09/29 v2.5h Standard LaTeX font definitions
)
LaTeX Font Info:    Font shape `OMS/cmr/m/n' in size <10> not available
(Font)              Font shape `OMS/cmsy/m/n' tried instead on input line 15.
Missing character: There is no â in font cmr10!
Missing character: There is no ‡ in font cmr10!
Missing character: There is no ’ in font cmr10!
Missing character: There is no â in font cmr10!
Missing character: There is no ˆ in font cmr10!
Missing character: There is no € in font cmr10!
 [10]
Missing character: There is no â in font cmr10!
Missing character: There is no ‡ in font cmr10!
Missing character: There is no ” in font cmr10!
Missing character: There is no â in font cmr10!
Missing character: There is no ˆ in font cmr10!
Missing character: There is no § in font cmr10!
Missing character: There is no â in font cmr10!
Missing character: There is no ˆ in font cmr10!
Missing character: There is no § in font cmr10!
Missing character: There is no â in font cmr10!
Missing character: There is no ˆ in font cmr10!
Missing character: There is no € in font cmr10!
Missing character: There is no â in font cmr10!
Missing character: There is no ‡ in font cmr10!
Missing character: There is no ’ in font cmr10!
Missing character: There is no â in font cmr10!
Missing character: There is no ˆ in font cmr10!
Missing character: There is no € in font cmr10!
Missing character: There is no â in font cmr10!
Missing character: There is no ˆ in font cmr10!
Missing character: There is no § in font cmr10!
Missing character: There is no â in font cmr10!
Missing character: There is no ‡ in font cmr10!
Missing character: There is no ’ in font cmr10!
) [11] [12]
[13] [14] [15] [16] [17] [18] (../HOL/17-4-3.trans [19]
Missing character: There is no â in font cmr10!
Missing character: There is no ˆ in font cmr10!
Missing character: There is no € in font cmr10!
Missing character: There is no â in font cmr10!
Missing character: There is no ‡ in font cmr10!
Missing character: There is no ” in font cmr10!
Missing character: There is no â in font cmr10!
Missing character: There is no ˆ in font cmr10!
Missing character: There is no § in font cmr10!
Missing character: There is no â in font cmr10!
Missing character: There is no ‡ in font cmr10!
Missing character: There is no ” in font cmr10!
Missing character: There is no â in font cmr10!
Missing character: There is no ˆ in font cmr10!
Missing character: There is no § in font cmr10!
Missing character: There is no â in font cmr10!
Missing character: There is no ‡ in font cmr10!
Missing character: There is no ” in font cmr10!
Missing character: There is no â in font cmr10!
Missing character: There is no ˆ in font cmr10!
Missing character: There is no § in font cmr10!
Missing character: There is no â in font cmr10!
Missing character: There is no ‡ in font cmr10!
Missing character: There is no ” in font cmr10!
Missing character: There is no â in font cmr10!
Missing character: There is no ˆ in font cmr10!
Missing character: There is no § in font cmr10!

Overfull \hbox (22.25002pt too wide) in paragraph at lines 22--23
[][][][][][][][][][][][][][][][][][][][][][][][][][][][][][][][][][][][][][][][
][][][] 
 []

Missing character: There is no â in font cmr10!
Missing character: There is no ‡ in font cmr10!
Missing character: There is no ” in font cmr10!
Missing character: There is no â in font cmr10!
Missing character: There is no ˆ in font cmr10!
Missing character: There is no § in font cmr10!
Missing character: There is no â in font cmr10!
Missing character: There is no ‡ in font cmr10!
Missing character: There is no ” in font cmr10!
Missing character: There is no â in font cmr10!
Missing character: There is no ˆ in font cmr10!
Missing character: There is no § in font cmr10!
Missing character: There is no â in font cmr10!
Missing character: There is no ‡ in font cmr10!
Missing character: There is no ” in font cmr10!
Missing character: There is no â in font cmr10!
Missing character: There is no ˆ in font cmr10!
Missing character: There is no § in font cmr10!
Missing character: There is no â in font cmr10!
Missing character: There is no ‡ in font cmr10!
Missing character: There is no ” in font cmr10!
Missing character: There is no â in font cmr10!
Missing character: There is no ˆ in font cmr10!
Missing character: There is no § in font cmr10!
Missing character: There is no â in font cmr10!
Missing character: There is no ‡ in font cmr10!
Missing character: There is no ” in font cmr10!
Missing character: There is no â in font cmr10!
Missing character: There is no ˆ in font cmr10!
Missing character: There is no § in font cmr10!
Missing character: There is no â in font cmr10!
Missing character: There is no ‡ in font cmr10!
Missing character: There is no ” in font cmr10!
Missing character: There is no â in font cmr10!
Missing character: There is no ˆ in font cmr10!
Missing character: There is no § in font cmr10!
Missing character: There is no â in font cmr10!
Missing character: There is no ‡ in font cmr10!
Missing character: There is no ” in font cmr10!
Missing character: There is no â in font cmr10!
Missing character: There is no ˆ in font cmr10!
Missing character: There is no § in font cmr10!
Missing character: There is no â in font cmr10!
Missing character: There is no ‡ in font cmr10!
Missing character: There is no ” in font cmr10!
Missing character: There is no â in font cmr10!
Missing character: There is no ˆ in font cmr10!
Missing character: There is no § in font cmr10!
Missing character: There is no â in font cmr10!
Missing character: There is no ‡ in font cmr10!
Missing character: There is no ” in font cmr10!
Missing character: There is no â in font cmr10!
Missing character: There is no ˆ in font cmr10!
Missing character: There is no § in font cmr10!
Missing character: There is no â in font cmr10!
Missing character: There is no ‡ in font cmr10!
Missing character: There is no ” in font cmr10!
Missing character: There is no â in font cmr10!
Missing character: There is no ˆ in font cmr10!
Missing character: There is no § in font cmr10!
Missing character: There is no â in font cmr10!
Missing character: There is no ‡ in font cmr10!
Missing character: There is no ” in font cmr10!
Missing character: There is no â in font cmr10!
Missing character: There is no ˆ in font cmr10!
Missing character: There is no § in font cmr10!
Missing character: There is no â in font cmr10!
Missing character: There is no ‡ in font cmr10!
Missing character: There is no ” in font cmr10!
Missing character: There is no â in font cmr10!
Missing character: There is no ˆ in font cmr10!
Missing character: There is no § in font cmr10!
Missing character: There is no â in font cmr10!
Missing character: There is no ‡ in font cmr10!
Missing character: There is no ” in font cmr10!
Missing character: There is no â in font cmr10!
Missing character: There is no ˆ in font cmr10!
Missing character: There is no § in font cmr10!
Missing character: There is no â in font cmr10!
Missing character: There is no ‡ in font cmr10!
Missing character: There is no ” in font cmr10!
Missing character: There is no â in font cmr10!
Missing character: There is no ˆ in font cmr10!
Missing character: There is no § in font cmr10!
Missing character: There is no â in font cmr10!
Missing character: There is no ‡ in font cmr10!
Missing character: There is no ” in font cmr10!
Missing character: There is no â in font cmr10!
Missing character: There is no ˆ in font cmr10!
Missing character: There is no § in font cmr10!
Missing character: There is no â in font cmr10!
Missing character: There is no ‡ in font cmr10!
Missing character: There is no ” in font cmr10!
Missing character: There is no â in font cmr10!
Missing character: There is no ˆ in font cmr10!
Missing character: There is no § in font cmr10!
Missing character: There is no â in font cmr10!
Missing character: There is no ‡ in font cmr10!
Missing character: There is no ” in font cmr10!
Missing character: There is no â in font cmr10!
Missing character: There is no ˆ in font cmr10!
Missing character: There is no § in font cmr10!
Missing character: There is no â in font cmr10!
Missing character: There is no ‡ in font cmr10!
Missing character: There is no ” in font cmr10!
Missing character: There is no â in font cmr10!
Missing character: There is no ˆ in font cmr10!
Missing character: There is no § in font cmr10!
Missing character: There is no â in font cmr10!
Missing character: There is no ‡ in font cmr10!
Missing character: There is no ” in font cmr10!
Missing character: There is no â in font cmr10!
Missing character: There is no ˆ in font cmr10!
Missing character: There is no § in font cmr10!
Missing character: There is no â in font cmr10!
Missing character: There is no ‡ in font cmr10!
Missing character: There is no ” in font cmr10!
Missing character: There is no â in font cmr10!
Missing character: There is no ˆ in font cmr10!
Missing character: There is no § in font cmr10!
Missing character: There is no â in font cmr10!
Missing character: There is no ‡ in font cmr10!
Missing character: There is no ” in font cmr10!
Missing character: There is no â in font cmr10!
Missing character: There is no ˆ in font cmr10!
Missing character: There is no § in font cmr10!
Missing character: There is no â in font cmr10!
Missing character: There is no ‡ in font cmr10!
Missing character: There is no ” in font cmr10!
Missing character: There is no â in font cmr10!
Missing character: There is no ˆ in font cmr10!
Missing character: There is no § in font cmr10!
Missing character: There is no â in font cmr10!
Missing character: There is no ‡ in font cmr10!
Missing character: There is no ” in font cmr10!
Missing character: There is no â in font cmr10!
Missing character: There is no ˆ in font cmr10!
Missing character: There is no § in font cmr10!
Missing character: There is no â in font cmr10!
Missing character: There is no ‡ in font cmr10!
Missing character: There is no ” in font cmr10!
Missing character: There is no â in font cmr10!
Missing character: There is no ˆ in font cmr10!
Missing character: There is no § in font cmr10!
Missing character: There is no â in font cmr10!
Missing character: There is no ‡ in font cmr10!
Missing character: There is no ” in font cmr10!
Missing character: There is no â in font cmr10!
Missing character: There is no ˆ in font cmr10!
Missing character: There is no § in font cmr10!
Missing character: There is no â in font cmr10!
Missing character: There is no ‡ in font cmr10!
Missing character: There is no ” in font cmr10!
Missing character: There is no â in font cmr10!
Missing character: There is no ˆ in font cmr10!
Missing character: There is no § in font cmr10!
Missing character: There is no â in font cmr10!
Missing character: There is no ‡ in font cmr10!
Missing character: There is no ” in font cmr10!
Missing character: There is no â in font cmr10!
Missing character: There is no ˆ in font cmr10!
Missing character: There is no § in font cmr10!
Missing character: There is no â in font cmr10!
Missing character: There is no ‡ in font cmr10!
Missing character: There is no ” in font cmr10!
Missing character: There is no â in font cmr10!
Missing character: There is no ˆ in font cmr10!
Missing character: There is no § in font cmr10!
Missing character: There is no â in font cmr10!
Missing character: There is no ‡ in font cmr10!
Missing character: There is no ” in font cmr10!
Missing character: There is no â in font cmr10!
Missing character: There is no ˆ in font cmr10!
Missing character: There is no § in font cmr10!
Missing character: There is no â in font cmr10!
Missing character: There is no ‡ in font cmr10!
Missing character: There is no ” in font cmr10!
Missing character: There is no â in font cmr10!
Missing character: There is no ˆ in font cmr10!
Missing character: There is no § in font cmr10!
Missing character: There is no â in font cmr10!
Missing character: There is no ‡ in font cmr10!
Missing character: There is no ” in font cmr10!
Missing character: There is no â in font cmr10!
Missing character: There is no ˆ in font cmr10!
Missing character: There is no § in font cmr10!
Missing character: There is no â in font cmr10!
Missing character: There is no ‡ in font cmr10!
Missing character: There is no ” in font cmr10!
Missing character: There is no â in font cmr10!
Missing character: There is no ˆ in font cmr10!
Missing character: There is no § in font cmr10!

Overfull \hbox (10.2499pt too wide) in paragraph at lines 50--51
[][][][][][][][][][][][][][][][][][][][][][][][][][][][][][][][][][][][][][][][
][] 
 []

Missing character: There is no â in font cmr10!
Missing character: There is no ‡ in font cmr10!
Missing character: There is no ” in font cmr10!
Missing character: There is no â in font cmr10!
Missing character: There is no ˆ in font cmr10!
Missing character: There is no § in font cmr10!
Missing character: There is no â in font cmr10!
Missing character: There is no ‡ in font cmr10!
Missing character: There is no ” in font cmr10!
Missing character: There is no â in font cmr10!
Missing character: There is no ˆ in font cmr10!
Missing character: There is no § in font cmr10!
Missing character: There is no â in font cmr10!
Missing character: There is no ‡ in font cmr10!
Missing character: There is no ” in font cmr10!
Missing character: There is no â in font cmr10!
Missing character: There is no ˆ in font cmr10!
Missing character: There is no § in font cmr10!
Missing character: There is no â in font cmr10!
Missing character: There is no ‡ in font cmr10!
Missing character: There is no ” in font cmr10!
Missing character: There is no â in font cmr10!
Missing character: There is no ˆ in font cmr10!
Missing character: There is no § in font cmr10!
Missing character: There is no â in font cmr10!
Missing character: There is no ‡ in font cmr10!
Missing character: There is no ” in font cmr10!
Missing character: There is no â in font cmr10!
Missing character: There is no ˆ in font cmr10!
Missing character: There is no § in font cmr10!
Missing character: There is no â in font cmr10!
Missing character: There is no ‡ in font cmr10!
Missing character: There is no ” in font cmr10!
Missing character: There is no â in font cmr10!
Missing character: There is no ˆ in font cmr10!
Missing character: There is no € in font cmr10!
Missing character: There is no â in font cmr10!
Missing character: There is no ‡ in font cmr10!
Missing character: There is no ’ in font cmr10!
[20]
Missing character: There is no â in font cmr10!
Missing character: There is no ˆ in font cmr10!
Missing character: There is no € in font cmr10!
Missing character: There is no â in font cmr10!
Missing character: There is no ‡ in font cmr10!
Missing character: There is no ” in font cmr10!
Missing character: There is no â in font cmr10!
Missing character: There is no ˆ in font cmr10!
Missing character: There is no § in font cmr10!
Missing character: There is no â in font cmr10!
Missing character: There is no ˆ in font cmr10!
Missing character: There is no § in font cmr10!
Missing character: There is no â in font cmr10!
Missing character: There is no ˆ in font cmr10!
Missing character: There is no € in font cmr10!
Missing character: There is no â in font cmr10!
Missing character: There is no ‡ in font cmr10!
Missing character: There is no ’ in font cmr10!
Missing character: There is no â in font cmr10!
Missing character: There is no ˆ in font cmr10!
Missing character: There is no € in font cmr10!
Missing character: There is no â in font cmr10!
Missing character: There is no ˆ in font cmr10!
Missing character: There is no § in font cmr10!
Missing character: There is no â in font cmr10!
Missing character: There is no ‡ in font cmr10!
Missing character: There is no ’ in font cmr10!
 [21]
Missing character: There is no â in font cmr10!
Missing character: There is no ‡ in font cmr10!
Missing character: There is no ’ in font cmr10!
Missing character: There is no â in font cmr10!
Missing character: There is no ˆ in font cmr10!
Missing character: There is no € in font cmr10!
Missing character: There is no â in font cmr10!
Missing character: There is no ‡ in font cmr10!
Missing character: There is no ” in font cmr10!
Missing character: There is no â in font cmr10!
Missing character: There is no ˆ in font cmr10!
Missing character: There is no § in font cmr10!
Missing character: There is no â in font cmr10!
Missing character: There is no ˆ in font cmr10!
Missing character: There is no § in font cmr10!
Missing character: There is no â in font cmr10!
Missing character: There is no ˆ in font cmr10!
Missing character: There is no € in font cmr10!
Missing character: There is no â in font cmr10!
Missing character: There is no ‡ in font cmr10!
Missing character: There is no ’ in font cmr10!
Missing character: There is no â in font cmr10!
Missing character: There is no ˆ in font cmr10!
Missing character: There is no € in font cmr10!
Missing character: There is no â in font cmr10!
Missing character: There is no ˆ in font cmr10!
Missing character: There is no § in font cmr10!
Missing character: There is no â in font cmr10!
Missing character: There is no ‡ in font cmr10!
Missing character: There is no ’ in font cmr10!
 [22]) [23] (../HOL/SM0Script.sml
Overfull \hbox (10.2499pt too wide) in paragraph at lines 1--2
[][][][] 
 []


Overfull \hbox (10.2499pt too wide) in paragraph at lines 2--3
[][][][][][][][][][][][][][] 
 []


Overfull \hbox (10.2499pt too wide) in paragraph at lines 3--4
[][][][][][][][][][][][][][][][][] 
 []


Overfull \hbox (10.2499pt too wide) in paragraph at lines 4--5
[][][][][][][][][][][][][][][][][] 
 []


Overfull \hbox (10.2499pt too wide) in paragraph at lines 5--7
[][][][] 
 []


Overfull \hbox (10.2499pt too wide) in paragraph at lines 29--30
[][][][][][][][] 
 []


Overfull \hbox (10.2499pt too wide) in paragraph at lines 30--31
[][][][][][][][][][][][][][][][][][][][][][] 
 []


Overfull \hbox (10.2499pt too wide) in paragraph at lines 31--32
[][][][][][][][] 
 []


Overfull \hbox (10.2499pt too wide) in paragraph at lines 50--51
[][][][][][][][] 
 []


Overfull \hbox (10.2499pt too wide) in paragraph at lines 51--52
[][][][][][][][][][][][][][] 
 []


Overfull \hbox (10.2499pt too wide) in paragraph at lines 52--53
[][][][][][][][] 
 []

[24]
Overfull \hbox (10.2499pt too wide) in paragraph at lines 60--61
[][][][][][][][] 
 []


Overfull \hbox (10.2499pt too wide) in paragraph at lines 61--62
[][][][][][][][][][][][][][] 
 []


Overfull \hbox (10.2499pt too wide) in paragraph at lines 62--63
[][][][][][][][] 
 []


Overfull \hbox (10.2499pt too wide) in paragraph at lines 69--70
[][][][][][][][] 
 []


Overfull \hbox (10.2499pt too wide) in paragraph at lines 70--71
[][][][][][][][][][][][][][][][][][][][][][] 
 []


Overfull \hbox (10.2499pt too wide) in paragraph at lines 71--72
[][][][][][][][] 
 []


Overfull \hbox (10.2499pt too wide) in paragraph at lines 89--90
[][][][][][][][] 
 []


Overfull \hbox (10.2499pt too wide) in paragraph at lines 90--91
[][][][][][][][][][][][][][][][][][][][][][] 
 []


Overfull \hbox (10.2499pt too wide) in paragraph at lines 91--92
[][][][][][][][] 
 []

[25]
Overfull \hbox (10.2499pt too wide) in paragraph at lines 108--109
[][][][][][][][] 
 []


Overfull \hbox (10.2499pt too wide) in paragraph at lines 109--110
[][][][][][][][][][][][][][][][][][][][][][] 
 []


Overfull \hbox (10.2499pt too wide) in paragraph at lines 110--111
[][][][][][][][] 
 []


Overfull \hbox (10.2499pt too wide) in paragraph at lines 117--118
[][][][][][][][] 
 []


Overfull \hbox (10.2499pt too wide) in paragraph at lines 118--119
[][][][][][][][][][][][] 
 []


Overfull \hbox (10.2499pt too wide) in paragraph at lines 119--120
[][][][][][][][] 
 []


Overfull \hbox (10.2499pt too wide) in paragraph at lines 131--132
[][][][][][][][] 
 []


Overfull \hbox (10.2499pt too wide) in paragraph at lines 132--133
[][][][][][][][][][] 
 []


Overfull \hbox (10.2499pt too wide) in paragraph at lines 133--134
[][][][][][][][] 
 []


Overfull \hbox (10.2499pt too wide) in paragraph at lines 138--139
[][][][][][][][] 
 []


Overfull \hbox (10.2499pt too wide) in paragraph at lines 139--140
[][][][][][][][][][][][] 
 []


Overfull \hbox (10.2499pt too wide) in paragraph at lines 140--141
[][][][][][][][] 
 []


Overfull \hbox (28.25008pt too wide) in paragraph at lines 144--145
[][][][][][][][][][][][][][][][][][][][][][][][][][][][][][][][][][][] 
 []


Overfull \hbox (10.2499pt too wide) in paragraph at lines 149--150
[][][][][][][][] 
 []


Overfull \hbox (10.2499pt too wide) in paragraph at lines 150--151
[][][][][][][][][][][][][][][][][][][][][][][][][][] 
 []


Overfull \hbox (10.2499pt too wide) in paragraph at lines 151--152
[][][][][][][][] 
 []


Overfull \hbox (52.25032pt too wide) in paragraph at lines 155--156
[][][][][][][][][][][][][][][][][][][][][][][][][][][][][][][][][][][] 
 []

[26]
Overfull \hbox (10.2499pt too wide) in paragraph at lines 173--174
[][][][][][][][] 
 []


Overfull \hbox (10.2499pt too wide) in paragraph at lines 174--175
[][][][][][][][][][][][][][][][][][][][] 
 []


Overfull \hbox (10.2499pt too wide) in paragraph at lines 175--176
[][][][][][][][] 
 []


Overfull \hbox (10.2499pt too wide) in paragraph at lines 189--190
[][][][][][][][] 
 []


Overfull \hbox (10.2499pt too wide) in paragraph at lines 190--191
[][][][][][][][][][][][][][][][][][][][][][][][][][][][][][][][][][] 
 []


Overfull \hbox (10.2499pt too wide) in paragraph at lines 191--192
[][][][][][][][][][] 
 []


Overfull \hbox (10.2499pt too wide) in paragraph at lines 192--193
[][][][][][][][] 
 []

[27]
Overfull \hbox (40.2502pt too wide) in paragraph at lines 243--246
[][][][][][][][][][][][][][][] 
 []


Overfull \hbox (10.2499pt too wide) in paragraph at lines 246--247
[][][][][][][][] 
 []


Overfull \hbox (10.2499pt too wide) in paragraph at lines 247--248
[][][][][][][][][][][][][][][][][][][][][][][][][][][][][][][][] 
 []


Overfull \hbox (10.2499pt too wide) in paragraph at lines 248--249
[][][][][][][][] 
 []

[28]
Overfull \hbox (10.2499pt too wide) in paragraph at lines 277--278
[][][][][][][][] 
 []


Overfull \hbox (10.2499pt too wide) in paragraph at lines 278--279
[][][][][][][][][][][][][][][][][][][][][][][][][][][][][][][] 
 []


Overfull \hbox (10.2499pt too wide) in paragraph at lines 279--280
[][][][][][][][] 
 []


Overfull \hbox (40.2502pt too wide) in paragraph at lines 315--318
[][][][][][][][][][][][][][][] 
 []

[29]) [30] (../HOL/SM0SolutionsScript.sml
Overfull \hbox (10.2499pt too wide) in paragraph at lines 1--2
[][][][] 
 []


Overfull \hbox (10.2499pt too wide) in paragraph at lines 2--3
[][][][][][][][][][][][][][][][][][][][] 
 []


Overfull \hbox (10.2499pt too wide) in paragraph at lines 3--4
[][][][][][][][][][][][][][][] 
 []


Overfull \hbox (10.2499pt too wide) in paragraph at lines 4--5
[][][][][][][][][][][][][][][][][] 
 []


Overfull \hbox (10.2499pt too wide) in paragraph at lines 5--7
[][][][] 
 []


Overfull \hbox (10.2499pt too wide) in paragraph at lines 22--23
[][][][][][][][] 
 []


Overfull \hbox (10.2499pt too wide) in paragraph at lines 23--24
[][][][][][][][][][][][] 
 []


Overfull \hbox (10.2499pt too wide) in paragraph at lines 24--25
[][][][][][][][][][][][][][][][][][][][][][][][][][] 
 []


Overfull \hbox (10.2499pt too wide) in paragraph at lines 25--27
[][][][][][][][] 
 []


Overfull \hbox (28.25008pt too wide) in paragraph at lines 35--36
[][][][][][][][][][][][][][][] 
 []


Overfull \hbox (28.25008pt too wide) in paragraph at lines 48--49
[][][][][][][][][][][][][][][] 
 []

[31] [32]
Overfull \hbox (22.25002pt too wide) in paragraph at lines 152--154
[][][][][][][][][][][][][][][][] 
 []

[33] [34] [35]
Overfull \hbox (22.25002pt too wide) in paragraph at lines 286--288
[][][][][][][][][][][][][][][][] 
 []


Overfull \hbox (10.2499pt too wide) in paragraph at lines 288--289
[][][][][][][][] 
 []


Overfull \hbox (10.2499pt too wide) in paragraph at lines 289--290
[][][][][][][][][][][][][] 
 []


Overfull \hbox (10.2499pt too wide) in paragraph at lines 290--291
[][][][][][][][][][][][][][][][][][][][][][][][][][][][][] 
 []


Overfull \hbox (10.2499pt too wide) in paragraph at lines 291--292
[][][][][][][][][][][][][][][][][][][][][][][][][][][][] 
 []


Overfull \hbox (10.2499pt too wide) in paragraph at lines 292--293
[][][][][][][][] 
 []


Overfull \hbox (64.25044pt too wide) in paragraph at lines 302--303
[][][][][][][][][][][][][][][][][][][][][][][][][][][][][][][][][][] 
 []


Overfull \hbox (10.2499pt too wide) in paragraph at lines 306--307
[][][][][][][][] 
 []


Overfull \hbox (10.2499pt too wide) in paragraph at lines 307--308
[][][][][][][][][][][][][][] 
 []


Overfull \hbox (10.2499pt too wide) in paragraph at lines 308--309
[][][][][][][][][][][][][][][][][][][][][][][][][][][][] 
 []


Overfull \hbox (10.2499pt too wide) in paragraph at lines 309--311
[][][][][][][][] 
 []

[36]
Overfull \hbox (34.25014pt too wide) in paragraph at lines 319--320
[][][][][][][][][][][][][][][] 
 []


Overfull \hbox (34.25014pt too wide) in paragraph at lines 331--332
[][][][][][][][][][][][][][][] 
 []

[37] [38]
Overfull \hbox (16.24995pt too wide) in paragraph at lines 435--437
[][][][][][][][][][][][][][][] 
 []

[39] [40]
Overfull \hbox (16.24995pt too wide) in paragraph at lines 568--570
[][][][][][][][][][][][][][][] 
 []


Overfull \hbox (10.2499pt too wide) in paragraph at lines 570--571
[][][][][][][][] 
 []


Overfull \hbox (10.2499pt too wide) in paragraph at lines 571--572
[][][][][][][][][][][][][][] 
 []


Overfull \hbox (10.2499pt too wide) in paragraph at lines 572--573
[][][][][][][][][][][][][][][][][][][][][][][][][][][][] 
 []


Overfull \hbox (10.2499pt too wide) in paragraph at lines 573--574
[][][][][][][][] 
 []


Overfull \hbox (34.25014pt too wide) in paragraph at lines 582--583
[][][][][][][][][][][][][][][] 
 []

[41]
Overfull \hbox (34.25014pt too wide) in paragraph at lines 594--595
[][][][][][][][][][][][][][][] 
 []

[42]
Overfull \hbox (10.2499pt too wide) in paragraph at lines 655--656
[][][][][][][][][][][][][][][][][][][][][][][][][][][][][][][][][][] 
 []

[43]
Overfull \hbox (40.2502pt too wide) in paragraph at lines 697--699
[][][][][][][][][][][][][][][] 
 []

[44]
Overfull \hbox (16.24995pt too wide) in paragraph at lines 791--792
[][][][][][][][][][][] 
 []

[45]
Overfull \hbox (22.25002pt too wide) in paragraph at lines 828--830
[][][][][][][][][][][] 
 []


Overfull \hbox (40.2502pt too wide) in paragraph at lines 830--832
[][][][][][][][][][][][][][][] 
 []

) [46]
Package atveryend Info: Empty hook `BeforeClearDocument' on input line 594.
Package atveryend Info: Empty hook `AfterLastShipout' on input line 594.
 (./Project9.aux)
Package atveryend Info: Executing hook `AtVeryEndDocument' on input line 594.
Package atveryend Info: Executing hook `AtEndAfterFileList' on input line 594.
Package rerunfilecheck Info: File `Project9.out' has not changed.
(rerunfilecheck)             Checksum: 670C5B17A2DE926FCFF28F1D4C40236A;1280.
Package atveryend Info: Empty hook `AtVeryVeryEnd' on input line 594.
 ) 
Here is how much of TeX's memory you used:
 9065 strings out of 494953
 136406 string characters out of 6180977
 290096 words of memory out of 5000000
 10765 multiletter control sequences out of 15000+600000
 15730 words of font info for 60 fonts, out of 8000000 for 9000
 14 hyphenation exceptions out of 8191
 39i,12n,45p,538b,1596s stack positions out of 5000i,500n,10000p,200000b,80000s
</usr/share/texlive/texmf-dist/fonts/type1/public/amsfonts/cm/cmbx10.pfb></us
r/share/texlive/texmf-dist/fonts/type1/public/amsfonts/cm/cmbx12.pfb></usr/shar
e/texlive/texmf-dist/fonts/type1/public/amsfonts/cm/cmbx9.pfb></usr/share/texli
ve/texmf-dist/fonts/type1/public/amsfonts/cm/cmcsc10.pfb></usr/share/texlive/te
xmf-dist/fonts/type1/public/amsfonts/cm/cmmi10.pfb></usr/share/texlive/texmf-di
st/fonts/type1/public/amsfonts/cm/cmr10.pfb></usr/share/texlive/texmf-dist/font
s/type1/public/amsfonts/cm/cmr12.pfb></usr/share/texlive/texmf-dist/fonts/type1
/public/amsfonts/cm/cmr17.pfb></usr/share/texlive/texmf-dist/fonts/type1/public
/amsfonts/cm/cmr6.pfb></usr/share/texlive/texmf-dist/fonts/type1/public/amsfont
s/cm/cmr9.pfb></usr/share/texlive/texmf-dist/fonts/type1/public/amsfonts/cm/cms
y10.pfb></usr/share/texlive/texmf-dist/fonts/type1/public/amsfonts/cm/cmsy9.pfb
></usr/share/texlive/texmf-dist/fonts/type1/public/amsfonts/cm/cmti10.pfb></usr
/share/texlive/texmf-dist/fonts/type1/public/amsfonts/cm/cmti9.pfb></usr/share/
texlive/texmf-dist/fonts/type1/public/amsfonts/cm/cmtt10.pfb></usr/share/texliv
e/texmf-dist/fonts/type1/public/amsfonts/cm/cmtt9.pfb>
Output written on Project9.pdf (46 pages, 334243 bytes).
PDF statistics:
 2091 PDF objects out of 2487 (max. 8388607)
 2006 compressed objects within 21 object streams
 1480 named destinations out of 1728 (max. 500000)
 145 words of extra memory for PDF output out of 10000 (max. 10000000)

